<?xml version="1.0" encoding="UTF-8"?>
<!-- Generated by org.testng.reporters.JUnitReportReporter -->
<testsuite skipped="0" hostname="styletag-530U3C-530U4C-532U3C" name="NewTest" tests="3" failures="0" timestamp="12 Jun 2017 06:41:07 GMT" time="0.064" errors="0">
  <testcase name="justTest" time="0.040" classname="NewTest"/>
  <testcase name="dataTest" time="0.012" classname="NewTest"/>
  <testcase name="dataTest" time="0.012" classname="NewTest"/>
</testsuite> <!-- NewTest -->
