<?xml version="1.0" encoding="UTF-8"?>
<!-- Generated by org.testng.reporters.JUnitReportReporter -->
<testsuite skipped="2" hostname="styletag-530U3C-530U4C-532U3C" name="SecondTest" tests="4" failures="0" timestamp="23 May 2017 07:56:55 GMT" time="0.003" errors="0">
  <testcase name="function2" time="0.000" classname="SecondTest">
    <skipped/>
  </testcase> <!-- function2 -->
  <testcase name="function1" time="0.001" classname="SecondTest"/>
  <testcase name="function2" time="0.002" classname="SecondTest"/>
  <testcase name="function1" time="0.000" classname="SecondTest">
    <skipped/>
  </testcase> <!-- function1 -->
</testsuite> <!-- SecondTest -->
