<?xml version="1.0" encoding="UTF-8"?>
<!-- Generated by org.testng.reporters.JUnitReportReporter -->
<testsuite skipped="0" hostname="styletag-530U3C-530U4C-532U3C" name="com.styletag.scripts.HomePage" tests="2" failures="0" timestamp="25 May 2017 13:20:59 GMT" time="5.175" errors="0">
  <testcase name="sliderMenu" time="4.921" classname="com.styletag.scripts.HomePage"/>
  <testcase name="urlTest" time="0.254" classname="com.styletag.scripts.HomePage"/>
</testsuite> <!-- com.styletag.scripts.HomePage -->
