<?xml version="1.0" encoding="UTF-8"?>
<!-- Generated by org.testng.reporters.JUnitReportReporter -->
<testsuite skipped="0" hostname="styletag-530U3C-530U4C-532U3C" name="scripts.LaunchBrowser" tests="1" failures="0" timestamp="17 May 2017 11:16:23 GMT" time="16.308" errors="0">
  <testcase name="launch" time="16.308" classname="scripts.LaunchBrowser"/>
</testsuite> <!-- scripts.LaunchBrowser -->
