<?xml version="1.0" encoding="UTF-8"?>
<!-- Generated by org.testng.reporters.JUnitReportReporter -->
<testsuite skipped="0" hostname="styletag-530U3C-530U4C-532U3C" name="TestScripts.LoginPageTest" tests="1" failures="0" timestamp="29 May 2017 04:39:35 GMT" time="7.664" errors="0">
  <testcase name="loginIntoAccount" time="7.664" classname="TestScripts.LoginPageTest"/>
</testsuite> <!-- TestScripts.LoginPageTest -->
