<?xml version="1.0" encoding="UTF-8"?>
<!-- Generated by org.testng.reporters.JUnitReportReporter -->
<testsuite skipped="0" hostname="styletag-530U3C-530U4C-532U3C" name="TestScripts.ProductListingPageTest" tests="1" failures="0" timestamp="29 May 2017 05:36:10 GMT" time="39.503" errors="0">
  <testcase name="gotoProductListing" time="39.503" classname="TestScripts.ProductListingPageTest"/>
</testsuite> <!-- TestScripts.ProductListingPageTest -->
