<?xml version="1.0" encoding="UTF-8"?>
<!-- Generated by org.testng.reporters.JUnitReportReporter -->
<testsuite skipped="0" hostname="styletag-530U3C-530U4C-532U3C" name="TestScripts.ProductDetailPageTest" tests="1" failures="0" timestamp="29 May 2017 08:44:15 GMT" time="22.292" errors="0">
  <testcase name="gotoProductDetailPage" time="22.292" classname="TestScripts.ProductDetailPageTest"/>
</testsuite> <!-- TestScripts.ProductDetailPageTest -->
