<?xml version="1.0" encoding="UTF-8"?>
<!-- Generated by org.testng.reporters.JUnitReportReporter -->
<testsuite skipped="0" hostname="styletag-530U3C-530U4C-532U3C" name="Trail.Second" tests="1" failures="0" timestamp="25 May 2017 12:57:04 GMT" time="11.342" errors="0">
  <testcase name="f" time="11.342" classname="Trail.Second"/>
</testsuite> <!-- Trail.Second -->
