<?xml version="1.0" encoding="UTF-8"?>
<!-- Generated by org.testng.reporters.JUnitReportReporter -->
<testsuite skipped="0" hostname="styletag-530U3C-530U4C-532U3C" name="NewTest" tests="1" failures="0" timestamp="12 Jun 2017 07:13:04 GMT" time="0.019" errors="0">
  <testcase name="f" time="0.019" classname="NewTest"/>
</testsuite> <!-- NewTest -->
